<?xml version="1.0" encoding="UTF-8"?>
<!-- Generated by org.testng.reporters.JUnitReportReporter -->
<testsuite hostname="DESKTOP-15J0K7Q" failures="0" tests="1" name="mystore.AutomateSignup" time="2.870" errors="0" timestamp="2022-10-03T00:41:53 IST" skipped="0">
  <testcase classname="mystore.AutomateSignup" name="signUp" time="2.870"/>
  <system-out/>
</testsuite> <!-- mystore.AutomateSignup -->
